{
  "RSpec": {
    "coverage": {
      "/Users/bibbycodes/Documents/Code/Makers/exercises/week9/tictactoe/spec/board_spec.rb": [
        null,
        null,
        null,
        null,
        null,
        null,
        null,
        null,
        1,
        null,
        1,
        1,
        9,
        4,
        2,
        1,
        11,
        null,
        1,
        1,
        null,
        null,
        null,
        null,
        null,
        null,
        1,
        1,
        null,
        null,
        null,
        null,
        null,
        null,
        1,
        1,
        null,
        null,
        null,
        null,
        null,
        null,
        1,
        1,
        null,
        null,
        null,
        null,
        null,
        null,
        1,
        1,
        null,
        null,
        null,
        null,
        null,
        null,
        1,
        1,
        1,
        null,
        null,
        null,
        null,
        null,
        null,
        1,
        1,
        1,
        1,
        null,
        null,
        1,
        1,
        null,
        null,
        1,
        1,
        null,
        null,
        null,
        1,
        1,
        1,
        3,
        3,
        3,
        null,
        1,
        null,
        null,
        1,
        1,
        3,
        null,
        1,
        null,
        null,
        null,
        null
      ],
      "/Users/bibbycodes/Documents/Code/Makers/exercises/week9/tictactoe/lib/board.rb": [
        null,
        null,
        1,
        1,
        1,
        null,
        11,
        null,
        null,
        null,
        null,
        null,
        1,
        23,
        23,
        20,
        20,
        20,
        null,
        20,
        null,
        3,
        null,
        null,
        null,
        1,
        8,
        6,
        6,
        null,
        2,
        null,
        null,
        1,
        null,
        1,
        null,
        23,
        null,
        null,
        null,
        null,
        null,
        null
      ],
      "/Users/bibbycodes/Documents/Code/Makers/exercises/week9/tictactoe/spec/game_spec.rb": [
        null,
        null,
        null,
        null,
        null,
        null,
        null,
        null,
        null,
        null,
        null,
        null,
        null,
        null,
        null,
        null,
        null,
        null,
        null,
        null,
        null,
        null,
        null,
        1,
        null,
        1,
        1,
        null,
        null,
        24,
        null,
        null,
        null,
        null,
        null,
        24,
        null,
        null,
        null,
        null,
        null,
        24,
        null,
        null,
        null,
        null,
        null,
        24,
        null,
        null,
        null,
        null,
        null,
        24,
        null,
        null,
        null,
        null,
        null,
        24,
        null,
        null,
        null,
        null,
        null,
        24,
        null,
        null,
        null,
        null,
        null,
        24,
        null,
        null,
        null,
        null,
        null,
        25,
        25,
        2,
        2,
        2,
        2,
        7,
        4,
        4,
        2,
        null,
        1,
        1,
        1,
        1,
        null,
        null,
        1,
        1,
        1,
        null,
        null,
        1,
        1,
        1,
        null,
        null,
        1,
        1,
        1,
        null,
        null,
        1,
        1,
        1,
        null,
        null,
        1,
        1,
        1,
        1,
        1,
        1,
        1,
        null,
        null,
        null,
        1,
        1,
        null,
        1,
        null,
        null,
        null,
        1,
        1,
        1,
        null,
        null,
        1,
        1,
        1,
        1,
        null,
        null,
        1,
        null,
        1,
        null,
        null,
        null,
        1,
        1,
        1,
        null,
        null,
        1,
        null,
        1,
        null,
        null,
        null,
        1,
        1,
        1,
        null,
        null,
        1,
        null,
        1,
        null,
        null,
        null,
        1,
        1,
        1,
        1,
        1,
        null,
        null,
        null,
        1,
        1,
        null,
        1,
        null,
        null,
        null,
        1,
        1,
        1,
        null,
        null,
        1,
        null,
        1,
        null,
        null,
        null,
        1,
        1,
        1,
        null,
        null,
        1,
        null,
        1,
        null,
        null,
        null,
        1,
        1,
        1,
        null,
        null,
        1,
        null,
        1,
        null,
        null,
        null,
        1,
        1,
        1,
        null,
        null,
        1,
        1,
        1,
        1,
        null,
        null,
        null,
        1,
        1,
        1,
        1,
        1,
        null,
        null,
        1,
        1,
        1,
        1,
        1,
        null,
        null,
        null,
        1,
        1,
        1,
        1,
        1,
        1,
        null,
        null,
        1,
        1,
        1,
        1,
        null,
        null,
        1,
        1,
        1,
        1,
        null,
        null,
        1,
        1,
        1,
        1,
        null,
        null,
        null,
        1,
        1,
        1,
        1,
        null,
        null,
        1,
        1,
        1,
        1,
        null,
        null,
        null
      ],
      "/Users/bibbycodes/Documents/Code/Makers/exercises/week9/tictactoe/lib/game.rb": [
        null,
        null,
        1,
        1,
        1,
        1,
        26,
        26,
        26,
        26,
        26,
        null,
        null,
        1,
        5,
        5,
        5,
        5,
        null,
        null,
        1,
        14,
        14,
        35,
        36,
        33,
        14,
        null,
        null,
        1,
        12,
        12,
        12,
        12,
        12,
        12,
        null,
        null,
        1,
        11,
        11,
        11,
        11,
        11,
        null,
        null,
        1,
        4,
        null,
        null,
        1,
        3,
        null,
        null
      ],
      "/Users/bibbycodes/Documents/Code/Makers/exercises/week9/tictactoe/spec/player_spec.rb": [

      ]
    },
    "timestamp": 1576738346
  }
}
